[debug] [2022-10-23T14:32:17.875Z] ----------------------------------------------------------------------
[debug] [2022-10-23T14:32:17.878Z] Command:       C:\Program Files\nodejs\node.exe C:\Users\Standard Touch 1\AppData\Roaming\npm\node_modules\firebase-tools\lib\bin\firebase.js init
[debug] [2022-10-23T14:32:17.879Z] CLI Version:   11.15.0
[debug] [2022-10-23T14:32:17.879Z] Platform:      win32
[debug] [2022-10-23T14:32:17.879Z] Node Version:  v16.13.2
[debug] [2022-10-23T14:32:17.880Z] Time:          Sun Oct 23 2022 20:02:17 GMT+0530 (India Standard Time)
[debug] [2022-10-23T14:32:17.881Z] ----------------------------------------------------------------------
[debug] 
[debug] [2022-10-23T14:32:17.893Z] > command requires scopes: ["email","openid","https://www.googleapis.com/auth/cloudplatformprojects.readonly","https://www.googleapis.com/auth/firebase","https://www.googleapis.com/auth/cloud-platform"]
[debug] [2022-10-23T14:32:17.894Z] > authorizing via signed-in user (hurunnisashaik@gmail.com)
[info] 
     ######## #### ########  ######## ########     ###     ######  ########
     ##        ##  ##     ## ##       ##     ##  ##   ##  ##       ##
     ######    ##  ########  ######   ########  #########  ######  ######
     ##        ##  ##    ##  ##       ##     ## ##     ##       ## ##
     ##       #### ##     ## ######## ########  ##     ##  ######  ########

You're about to initialize a Firebase project in this directory:

  C:\Users\Standard Touch 1\Desktop\frontendmentor\qr_code

[error] 
[error] Error: Must select at least one feature. Use SPACEBAR to select features, or specify a feature by running firebase init [feature_name]
